app/build/intermediates/manifest_merge_blame_file/debug/processDebugMainManifest/manifest-merger-blame-debug-report.txt
1<?xml version="1.0" encoding="utf-8"?>
2<manifest xmlns:android="http://schemas.android.com/apk/res/android"
3    package="com.error698.swipetracker"
4    android:versionCode="1"
5    android:versionName="1.0" >
6
7    <uses-sdk
8        android:minSdkVersion="26"
9        android:targetSdkVersion="35" />
10
11    <!-- Overlay permission (floating bubble) -->
12    <uses-permission android:name="android.permission.SYSTEM_ALERT_WINDOW" />
12-->src\main\AndroidManifest.xml:6:5-78
12-->src\main\AndroidManifest.xml:6:22-75
13
14    <!-- Detect foreground app -->
15    <uses-permission android:name="android.permission.PACKAGE_USAGE_STATS" />
15-->src\main\AndroidManifest.xml:9:5-10:47
15-->src\main\AndroidManifest.xml:9:22-75
16
17    <!-- Foreground service -->
18    <uses-permission android:name="android.permission.FOREGROUND_SERVICE" />
18-->src\main\AndroidManifest.xml:13:5-77
18-->src\main\AndroidManifest.xml:13:22-74
19    <uses-permission android:name="android.permission.FOREGROUND_SERVICE_SPECIAL_USE" />
19-->src\main\AndroidManifest.xml:14:5-89
19-->src\main\AndroidManifest.xml:14:22-86
20    <uses-permission android:name="android.permission.POST_NOTIFICATIONS" />
20-->src\main\AndroidManifest.xml:15:5-77
20-->src\main\AndroidManifest.xml:15:22-74
21
22    <!-- Boot receiver to restart service -->
23    <uses-permission android:name="android.permission.RECEIVE_BOOT_COMPLETED" />
23-->src\main\AndroidManifest.xml:18:5-81
23-->src\main\AndroidManifest.xml:18:22-78
24
25    <!-- Vibrate on swipe detect -->
26    <uses-permission android:name="android.permission.VIBRATE" />
26-->src\main\AndroidManifest.xml:21:5-66
26-->src\main\AndroidManifest.xml:21:22-63
27
28    <permission
28-->[androidx.core:core:1.15.0] AndroidManifest.xml:22:5-24:47
29        android:name="com.error698.swipetracker.DYNAMIC_RECEIVER_NOT_EXPORTED_PERMISSION"
29-->[androidx.core:core:1.15.0] AndroidManifest.xml:23:9-81
30        android:protectionLevel="signature" />
30-->[androidx.core:core:1.15.0] AndroidManifest.xml:24:9-44
31
32    <uses-permission android:name="com.error698.swipetracker.DYNAMIC_RECEIVER_NOT_EXPORTED_PERMISSION" />
32-->[androidx.core:core:1.15.0] AndroidManifest.xml:26:5-97
32-->[androidx.core:core:1.15.0] AndroidManifest.xml:26:22-94
33
34    <application
34-->src\main\AndroidManifest.xml:23:5-84:19
35        android:allowBackup="true"
35-->src\main\AndroidManifest.xml:24:9-35
36        android:appComponentFactory="androidx.core.app.CoreComponentFactory"
36-->[androidx.core:core:1.15.0] AndroidManifest.xml:28:18-86
37        android:debuggable="true"
38        android:extractNativeLibs="false"
39        android:icon="@mipmap/ic_launcher"
39-->src\main\AndroidManifest.xml:25:9-43
40        android:label="SwipeTracker"
40-->src\main\AndroidManifest.xml:26:9-37
41        android:roundIcon="@mipmap/ic_launcher_round"
41-->src\main\AndroidManifest.xml:27:9-54
42        android:supportsRtl="true"
42-->src\main\AndroidManifest.xml:28:9-35
43        android:testOnly="true"
44        android:theme="@style/Theme.SwipeTracker" >
44-->src\main\AndroidManifest.xml:29:9-50
45
46        <!-- Main Activity -->
47        <activity
47-->src\main\AndroidManifest.xml:32:9-40:20
48            android:name="com.error698.swipetracker.ui.MainActivity"
48-->src\main\AndroidManifest.xml:33:13-44
49            android:exported="true"
49-->src\main\AndroidManifest.xml:34:13-36
50            android:theme="@style/Theme.SwipeTracker" >
50-->src\main\AndroidManifest.xml:35:13-54
51            <intent-filter>
51-->src\main\AndroidManifest.xml:36:13-39:29
52                <action android:name="android.intent.action.MAIN" />
52-->src\main\AndroidManifest.xml:37:17-69
52-->src\main\AndroidManifest.xml:37:25-66
53
54                <category android:name="android.intent.category.LAUNCHER" />
54-->src\main\AndroidManifest.xml:38:17-77
54-->src\main\AndroidManifest.xml:38:27-74
55            </intent-filter>
56        </activity>
57
58        <!-- Accessibility Service — the core swipe detector -->
59        <service
59-->src\main\AndroidManifest.xml:43:9-53:19
60            android:name="com.error698.swipetracker.service.SwipeAccessibilityService"
60-->src\main\AndroidManifest.xml:44:13-62
61            android:exported="false"
61-->src\main\AndroidManifest.xml:45:13-37
62            android:permission="android.permission.BIND_ACCESSIBILITY_SERVICE" >
62-->src\main\AndroidManifest.xml:46:13-79
63            <intent-filter>
63-->src\main\AndroidManifest.xml:47:13-49:29
64                <action android:name="android.accessibilityservice.AccessibilityService" />
64-->src\main\AndroidManifest.xml:48:17-92
64-->src\main\AndroidManifest.xml:48:25-89
65            </intent-filter>
66
67            <meta-data
67-->src\main\AndroidManifest.xml:50:13-52:72
68                android:name="android.accessibilityservice"
68-->src\main\AndroidManifest.xml:51:17-60
69                android:resource="@xml/accessibility_service_config" />
69-->src\main\AndroidManifest.xml:52:17-69
70        </service>
71
72        <!-- Floating Overlay Service -->
73        <service
73-->src\main\AndroidManifest.xml:56:9-63:19
74            android:name="com.error698.swipetracker.service.OverlayService"
74-->src\main\AndroidManifest.xml:57:13-51
75            android:exported="false"
75-->src\main\AndroidManifest.xml:58:13-37
76            android:foregroundServiceType="specialUse" >
76-->src\main\AndroidManifest.xml:59:13-55
77            <property
77-->src\main\AndroidManifest.xml:60:13-62:140
78                android:name="android.app.PROPERTY_SPECIAL_USE_FGS_SUBTYPE"
78-->src\main\AndroidManifest.xml:61:17-76
79                android:value="Displays a floating overlay bubble showing the live swipe count while a dating app is in the foreground." />
79-->src\main\AndroidManifest.xml:62:17-137
80        </service>
81
82        <!-- App Monitor Service (watches which app is in foreground) -->
83        <service
83-->src\main\AndroidManifest.xml:66:9-73:19
84            android:name="com.error698.swipetracker.service.AppMonitorService"
84-->src\main\AndroidManifest.xml:67:13-54
85            android:exported="false"
85-->src\main\AndroidManifest.xml:68:13-37
86            android:foregroundServiceType="specialUse" >
86-->src\main\AndroidManifest.xml:69:13-55
87            <property
87-->src\main\AndroidManifest.xml:60:13-62:140
88                android:name="android.app.PROPERTY_SPECIAL_USE_FGS_SUBTYPE"
88-->src\main\AndroidManifest.xml:61:17-76
89                android:value="Polls UsageStatsManager to detect when Bumble or Hinge is in the foreground and manages the overlay lifecycle." />
89-->src\main\AndroidManifest.xml:62:17-137
90        </service>
91
92        <!-- Boot receiver -->
93        <receiver
93-->src\main\AndroidManifest.xml:76:9-82:20
94            android:name="com.error698.swipetracker.receiver.BootReceiver"
94-->src\main\AndroidManifest.xml:77:13-50
95            android:exported="true" >
95-->src\main\AndroidManifest.xml:78:13-36
96            <intent-filter>
96-->src\main\AndroidManifest.xml:79:13-81:29
97                <action android:name="android.intent.action.BOOT_COMPLETED" />
97-->src\main\AndroidManifest.xml:80:17-79
97-->src\main\AndroidManifest.xml:80:25-76
98            </intent-filter>
99        </receiver>
100
101        <provider
101-->[androidx.emoji2:emoji2:1.3.0] AndroidManifest.xml:24:9-32:20
102            android:name="androidx.startup.InitializationProvider"
102-->[androidx.emoji2:emoji2:1.3.0] AndroidManifest.xml:25:13-67
103            android:authorities="com.error698.swipetracker.androidx-startup"
103-->[androidx.emoji2:emoji2:1.3.0] AndroidManifest.xml:26:13-68
104            android:exported="false" >
104-->[androidx.emoji2:emoji2:1.3.0] AndroidManifest.xml:27:13-37
105            <meta-data
105-->[androidx.emoji2:emoji2:1.3.0] AndroidManifest.xml:29:13-31:52
106                android:name="androidx.emoji2.text.EmojiCompatInitializer"
106-->[androidx.emoji2:emoji2:1.3.0] AndroidManifest.xml:30:17-75
107                android:value="androidx.startup" />
107-->[androidx.emoji2:emoji2:1.3.0] AndroidManifest.xml:31:17-49
108            <meta-data
108-->[androidx.lifecycle:lifecycle-process:2.6.2] AndroidManifest.xml:29:13-31:52
109                android:name="androidx.lifecycle.ProcessLifecycleInitializer"
109-->[androidx.lifecycle:lifecycle-process:2.6.2] AndroidManifest.xml:30:17-78
110                android:value="androidx.startup" />
110-->[androidx.lifecycle:lifecycle-process:2.6.2] AndroidManifest.xml:31:17-49
111            <meta-data
111-->[androidx.profileinstaller:profileinstaller:1.3.1] AndroidManifest.xml:29:13-31:52
112                android:name="androidx.profileinstaller.ProfileInstallerInitializer"
112-->[androidx.profileinstaller:profileinstaller:1.3.1] AndroidManifest.xml:30:17-85
113                android:value="androidx.startup" />
113-->[androidx.profileinstaller:profileinstaller:1.3.1] AndroidManifest.xml:31:17-49
114        </provider>
115
116        <receiver
116-->[androidx.profileinstaller:profileinstaller:1.3.1] AndroidManifest.xml:34:9-52:20
117            android:name="androidx.profileinstaller.ProfileInstallReceiver"
117-->[androidx.profileinstaller:profileinstaller:1.3.1] AndroidManifest.xml:35:13-76
118            android:directBootAware="false"
118-->[androidx.profileinstaller:profileinstaller:1.3.1] AndroidManifest.xml:36:13-44
119            android:enabled="true"
119-->[androidx.profileinstaller:profileinstaller:1.3.1] AndroidManifest.xml:37:13-35
120            android:exported="true"
120-->[androidx.profileinstaller:profileinstaller:1.3.1] AndroidManifest.xml:38:13-36
121            android:permission="android.permission.DUMP" >
121-->[androidx.profileinstaller:profileinstaller:1.3.1] AndroidManifest.xml:39:13-57
122            <intent-filter>
122-->[androidx.profileinstaller:profileinstaller:1.3.1] AndroidManifest.xml:40:13-42:29
123                <action android:name="androidx.profileinstaller.action.INSTALL_PROFILE" />
123-->[androidx.profileinstaller:profileinstaller:1.3.1] AndroidManifest.xml:41:17-91
123-->[androidx.profileinstaller:profileinstaller:1.3.1] AndroidManifest.xml:41:25-88
124            </intent-filter>
125            <intent-filter>
125-->[androidx.profileinstaller:profileinstaller:1.3.1] AndroidManifest.xml:43:13-45:29
126                <action android:name="androidx.profileinstaller.action.SKIP_FILE" />
126-->[androidx.profileinstaller:profileinstaller:1.3.1] AndroidManifest.xml:44:17-85
126-->[androidx.profileinstaller:profileinstaller:1.3.1] AndroidManifest.xml:44:25-82
127            </intent-filter>
128            <intent-filter>
128-->[androidx.profileinstaller:profileinstaller:1.3.1] AndroidManifest.xml:46:13-48:29
129                <action android:name="androidx.profileinstaller.action.SAVE_PROFILE" />
129-->[androidx.profileinstaller:profileinstaller:1.3.1] AndroidManifest.xml:47:17-88
129-->[androidx.profileinstaller:profileinstaller:1.3.1] AndroidManifest.xml:47:25-85
130            </intent-filter>
131            <intent-filter>
131-->[androidx.profileinstaller:profileinstaller:1.3.1] AndroidManifest.xml:49:13-51:29
132                <action android:name="androidx.profileinstaller.action.BENCHMARK_OPERATION" />
132-->[androidx.profileinstaller:profileinstaller:1.3.1] AndroidManifest.xml:50:17-95
132-->[androidx.profileinstaller:profileinstaller:1.3.1] AndroidManifest.xml:50:25-92
133            </intent-filter>
134        </receiver>
135    </application>
136
137</manifest>